Determining if the pthread_create exist failed with the following output:
Change Dir: /home/xuanyu/mGames/CG/graphic/Assignment8/CMakeFiles/CMakeTmp

Run Build Command:"/usr/bin/make" "cmTC_1ea47/fast"
/usr/bin/make -f CMakeFiles/cmTC_1ea47.dir/build.make CMakeFiles/cmTC_1ea47.dir/build
make[1]: Entering directory '/home/xuanyu/mGames/CG/graphic/Assignment8/CMakeFiles/CMakeTmp'
Building C object CMakeFiles/cmTC_1ea47.dir/CheckSymbolExists.c.o
/usr/bin/cc    -o CMakeFiles/cmTC_1ea47.dir/CheckSymbolExists.c.o   -c /home/xuanyu/mGames/CG/graphic/Assignment8/CMakeFiles/CMakeTmp/CheckSymbolExists.c
Linking C executable cmTC_1ea47
/usr/bin/cmake -E cmake_link_script CMakeFiles/cmTC_1ea47.dir/link.txt --verbose=1
/usr/bin/cc      -rdynamic CMakeFiles/cmTC_1ea47.dir/CheckSymbolExists.c.o  -o cmTC_1ea47 
CMakeFiles/cmTC_1ea47.dir/CheckSymbolExists.c.o: In function `main':
CheckSymbolExists.c:(.text+0x1b): undefined reference to `pthread_create'
collect2: error: ld returned 1 exit status
CMakeFiles/cmTC_1ea47.dir/build.make:97: recipe for target 'cmTC_1ea47' failed
make[1]: *** [cmTC_1ea47] Error 1
make[1]: Leaving directory '/home/xuanyu/mGames/CG/graphic/Assignment8/CMakeFiles/CMakeTmp'
Makefile:126: recipe for target 'cmTC_1ea47/fast' failed
make: *** [cmTC_1ea47/fast] Error 2

File /home/xuanyu/mGames/CG/graphic/Assignment8/CMakeFiles/CMakeTmp/CheckSymbolExists.c:
/* */
#include <pthread.h>

int main(int argc, char** argv)
{
  (void)argv;
#ifndef pthread_create
  return ((int*)(&pthread_create))[argc];
#else
  (void)argc;
  return 0;
#endif
}

Determining if the function pthread_create exists in the pthreads failed with the following output:
Change Dir: /home/xuanyu/mGames/CG/graphic/Assignment8/CMakeFiles/CMakeTmp

Run Build Command:"/usr/bin/make" "cmTC_eb48e/fast"
/usr/bin/make -f CMakeFiles/cmTC_eb48e.dir/build.make CMakeFiles/cmTC_eb48e.dir/build
make[1]: Entering directory '/home/xuanyu/mGames/CG/graphic/Assignment8/CMakeFiles/CMakeTmp'
Building C object CMakeFiles/cmTC_eb48e.dir/CheckFunctionExists.c.o
/usr/bin/cc   -DCHECK_FUNCTION_EXISTS=pthread_create   -o CMakeFiles/cmTC_eb48e.dir/CheckFunctionExists.c.o   -c /usr/share/cmake-3.10/Modules/CheckFunctionExists.c
Linking C executable cmTC_eb48e
/usr/bin/cmake -E cmake_link_script CMakeFiles/cmTC_eb48e.dir/link.txt --verbose=1
/usr/bin/cc  -DCHECK_FUNCTION_EXISTS=pthread_create    -rdynamic CMakeFiles/cmTC_eb48e.dir/CheckFunctionExists.c.o  -o cmTC_eb48e -lpthreads 
/usr/bin/ld: cannot find -lpthreads
collect2: error: ld returned 1 exit status
CMakeFiles/cmTC_eb48e.dir/build.make:97: recipe for target 'cmTC_eb48e' failed
make[1]: *** [cmTC_eb48e] Error 1
make[1]: Leaving directory '/home/xuanyu/mGames/CG/graphic/Assignment8/CMakeFiles/CMakeTmp'
Makefile:126: recipe for target 'cmTC_eb48e/fast' failed
make: *** [cmTC_eb48e/fast] Error 2


Determining if the function glXGetProcAddressEXT exists failed with the following output:
Change Dir: /home/xuanyu/mGames/CG/graphic/Assignment8/CMakeFiles/CMakeTmp

Run Build Command:"/usr/bin/make" "cmTC_cfe20/fast"
/usr/bin/make -f CMakeFiles/cmTC_cfe20.dir/build.make CMakeFiles/cmTC_cfe20.dir/build
make[1]: Entering directory '/home/xuanyu/mGames/CG/graphic/Assignment8/CMakeFiles/CMakeTmp'
Building C object CMakeFiles/cmTC_cfe20.dir/CheckFunctionExists.c.o
/usr/bin/cc   -DCHECK_FUNCTION_EXISTS=glXGetProcAddressEXT   -o CMakeFiles/cmTC_cfe20.dir/CheckFunctionExists.c.o   -c /usr/share/cmake-3.10/Modules/CheckFunctionExists.c
Linking C executable cmTC_cfe20
/usr/bin/cmake -E cmake_link_script CMakeFiles/cmTC_cfe20.dir/link.txt --verbose=1
/usr/bin/cc  -DCHECK_FUNCTION_EXISTS=glXGetProcAddressEXT    -rdynamic CMakeFiles/cmTC_cfe20.dir/CheckFunctionExists.c.o  -o cmTC_cfe20 /usr/lib/x86_64-linux-gnu/libGL.so 
CMakeFiles/cmTC_cfe20.dir/CheckFunctionExists.c.o: In function `main':
CheckFunctionExists.c:(.text+0x10): undefined reference to `glXGetProcAddressEXT'
collect2: error: ld returned 1 exit status
CMakeFiles/cmTC_cfe20.dir/build.make:98: recipe for target 'cmTC_cfe20' failed
make[1]: *** [cmTC_cfe20] Error 1
make[1]: Leaving directory '/home/xuanyu/mGames/CG/graphic/Assignment8/CMakeFiles/CMakeTmp'
Makefile:126: recipe for target 'cmTC_cfe20/fast' failed
make: *** [cmTC_cfe20/fast] Error 2


